{"/home/runner/work/mindhub-back/mindhub-back/src/auth/auth.controller.ts": {"path":"/home/runner/work/mindhub-back/mindhub-back/src/auth/auth.controller.ts","all":false,"statementMap":{"0":{"start":{"line":1,"column":0},"end":{"line":1,"column":83}},"1":{"start":{"line":2,"column":0},"end":{"line":2,"column":60}},"2":{"start":{"line":3,"column":0},"end":{"line":3,"column":43}},"3":{"start":{"line":4,"column":0},"end":{"line":4,"column":42}},"4":{"start":{"line":5,"column":0},"end":{"line":5,"column":0}},"5":{"start":{"line":6,"column":0},"end":{"line":6,"column":16}},"6":{"start":{"line":7,"column":0},"end":{"line":7,"column":19}},"7":{"start":{"line":8,"column":0},"end":{"line":8,"column":29}},"8":{"start":{"line":9,"column":0},"end":{"line":9,"column":16}},"9":{"start":{"line":10,"column":0},"end":{"line":10,"column":41}},"10":{"start":{"line":11,"column":0},"end":{"line":11,"column":9}},"11":{"start":{"line":12,"column":0},"end":{"line":12,"column":0}},"12":{"start":{"line":13,"column":0},"end":{"line":13,"column":18}},"13":{"start":{"line":14,"column":0},"end":{"line":14,"column":16}},"14":{"start":{"line":15,"column":0},"end":{"line":15,"column":48}},"15":{"start":{"line":16,"column":0},"end":{"line":16,"column":7}},"16":{"start":{"line":17,"column":0},"end":{"line":17,"column":13}},"17":{"start":{"line":18,"column":0},"end":{"line":18,"column":20}},"18":{"start":{"line":19,"column":0},"end":{"line":19,"column":73}},"19":{"start":{"line":20,"column":0},"end":{"line":20,"column":14}},"20":{"start":{"line":21,"column":0},"end":{"line":21,"column":21}},"21":{"start":{"line":22,"column":0},"end":{"line":22,"column":45}},"22":{"start":{"line":23,"column":0},"end":{"line":23,"column":73}},"23":{"start":{"line":24,"column":0},"end":{"line":24,"column":13}},"24":{"start":{"line":25,"column":0},"end":{"line":25,"column":0}},"25":{"start":{"line":26,"column":0},"end":{"line":26,"column":20}},"26":{"start":{"line":27,"column":0},"end":{"line":27,"column":9}},"27":{"start":{"line":28,"column":0},"end":{"line":28,"column":5}},"28":{"start":{"line":29,"column":0},"end":{"line":29,"column":1}}},"s":{"0":1,"1":1,"2":1,"3":1,"4":1,"5":1,"6":1,"7":1,"8":1,"9":3,"10":3,"11":1,"12":1,"13":3,"14":3,"15":3,"16":3,"17":3,"18":3,"19":1,"20":3,"21":2,"22":1,"23":1,"24":1,"25":1,"26":1,"27":3,"28":1},"branchMap":{"0":{"type":"branch","line":15,"loc":{"start":{"line":15,"column":40},"end":{"line":15,"column":48}},"locations":[{"start":{"line":15,"column":40},"end":{"line":15,"column":48}}]},"1":{"type":"branch","line":10,"loc":{"start":{"line":10,"column":29},"end":{"line":10,"column":41}},"locations":[{"start":{"line":10,"column":29},"end":{"line":10,"column":41}}]},"2":{"type":"branch","line":13,"loc":{"start":{"line":13,"column":4},"end":{"line":28,"column":5}},"locations":[{"start":{"line":13,"column":4},"end":{"line":28,"column":5}}]},"3":{"type":"branch","line":19,"loc":{"start":{"line":19,"column":63},"end":{"line":21,"column":10}},"locations":[{"start":{"line":19,"column":63},"end":{"line":21,"column":10}}]},"4":{"type":"branch","line":21,"loc":{"start":{"line":21,"column":10},"end":{"line":27,"column":9}},"locations":[{"start":{"line":21,"column":10},"end":{"line":27,"column":9}}]},"5":{"type":"branch","line":22,"loc":{"start":{"line":22,"column":44},"end":{"line":27,"column":9}},"locations":[{"start":{"line":22,"column":44},"end":{"line":27,"column":9}}]},"6":{"type":"branch","line":9,"loc":{"start":{"line":9,"column":4},"end":{"line":11,"column":9}},"locations":[{"start":{"line":9,"column":4},"end":{"line":11,"column":9}}]}},"b":{"0":[0],"1":[0],"2":[3],"3":[1],"4":[2],"5":[1],"6":[3]},"fnMap":{"0":{"name":"login","decl":{"start":{"line":13,"column":4},"end":{"line":28,"column":5}},"loc":{"start":{"line":13,"column":4},"end":{"line":28,"column":5}},"line":13},"1":{"name":"AuthController","decl":{"start":{"line":9,"column":4},"end":{"line":11,"column":9}},"loc":{"start":{"line":9,"column":4},"end":{"line":11,"column":9}},"line":9}},"f":{"0":3,"1":3}}
,"/home/runner/work/mindhub-back/mindhub-back/src/auth/auth.service.ts": {"path":"/home/runner/work/mindhub-back/mindhub-back/src/auth/auth.service.ts","all":false,"statementMap":{"0":{"start":{"line":1,"column":0},"end":{"line":1,"column":64}},"1":{"start":{"line":2,"column":0},"end":{"line":2,"column":67}},"2":{"start":{"line":3,"column":0},"end":{"line":3,"column":33}},"3":{"start":{"line":4,"column":0},"end":{"line":4,"column":41}},"4":{"start":{"line":5,"column":0},"end":{"line":5,"column":47}},"5":{"start":{"line":6,"column":0},"end":{"line":6,"column":0}},"6":{"start":{"line":7,"column":0},"end":{"line":7,"column":16}},"7":{"start":{"line":8,"column":0},"end":{"line":8,"column":26}},"8":{"start":{"line":9,"column":0},"end":{"line":9,"column":0}},"9":{"start":{"line":10,"column":0},"end":{"line":10,"column":42}},"10":{"start":{"line":11,"column":0},"end":{"line":11,"column":20}},"11":{"start":{"line":12,"column":0},"end":{"line":12,"column":0}},"12":{"start":{"line":13,"column":0},"end":{"line":13,"column":34}},"13":{"start":{"line":14,"column":0},"end":{"line":14,"column":16}},"14":{"start":{"line":15,"column":0},"end":{"line":15,"column":25}},"15":{"start":{"line":16,"column":0},"end":{"line":16,"column":5}},"16":{"start":{"line":17,"column":0},"end":{"line":17,"column":1}},"17":{"start":{"line":18,"column":0},"end":{"line":18,"column":0}},"18":{"start":{"line":19,"column":0},"end":{"line":19,"column":13}},"19":{"start":{"line":20,"column":0},"end":{"line":20,"column":26}},"20":{"start":{"line":21,"column":0},"end":{"line":21,"column":16}},"21":{"start":{"line":22,"column":0},"end":{"line":22,"column":46}},"22":{"start":{"line":23,"column":0},"end":{"line":23,"column":41}},"23":{"start":{"line":24,"column":0},"end":{"line":24,"column":39}},"24":{"start":{"line":25,"column":0},"end":{"line":25,"column":45}},"25":{"start":{"line":26,"column":0},"end":{"line":26,"column":9}},"26":{"start":{"line":27,"column":0},"end":{"line":27,"column":0}},"27":{"start":{"line":28,"column":0},"end":{"line":28,"column":54}},"28":{"start":{"line":29,"column":0},"end":{"line":29,"column":13}},"29":{"start":{"line":30,"column":0},"end":{"line":30,"column":66}},"30":{"start":{"line":31,"column":0},"end":{"line":31,"column":12}},"31":{"start":{"line":32,"column":0},"end":{"line":32,"column":69}},"32":{"start":{"line":33,"column":0},"end":{"line":33,"column":61}},"33":{"start":{"line":34,"column":0},"end":{"line":34,"column":13}},"34":{"start":{"line":35,"column":0},"end":{"line":35,"column":12}},"35":{"start":{"line":36,"column":0},"end":{"line":36,"column":51}},"36":{"start":{"line":37,"column":0},"end":{"line":37,"column":61}},"37":{"start":{"line":38,"column":0},"end":{"line":38,"column":61}},"38":{"start":{"line":39,"column":0},"end":{"line":39,"column":15}},"39":{"start":{"line":40,"column":0},"end":{"line":40,"column":21}},"40":{"start":{"line":41,"column":0},"end":{"line":41,"column":45}},"41":{"start":{"line":42,"column":0},"end":{"line":42,"column":61}},"42":{"start":{"line":43,"column":0},"end":{"line":43,"column":13}},"43":{"start":{"line":44,"column":0},"end":{"line":44,"column":0}},"44":{"start":{"line":45,"column":0},"end":{"line":45,"column":20}},"45":{"start":{"line":46,"column":0},"end":{"line":46,"column":9}},"46":{"start":{"line":47,"column":0},"end":{"line":47,"column":5}},"47":{"start":{"line":48,"column":0},"end":{"line":48,"column":0}},"48":{"start":{"line":49,"column":0},"end":{"line":49,"column":54}},"49":{"start":{"line":50,"column":0},"end":{"line":50,"column":53}},"50":{"start":{"line":51,"column":0},"end":{"line":51,"column":42}},"51":{"start":{"line":52,"column":0},"end":{"line":52,"column":0}},"52":{"start":{"line":53,"column":0},"end":{"line":53,"column":16}},"53":{"start":{"line":54,"column":0},"end":{"line":54,"column":17}},"54":{"start":{"line":55,"column":0},"end":{"line":55,"column":59}},"55":{"start":{"line":56,"column":0},"end":{"line":56,"column":61}},"56":{"start":{"line":57,"column":0},"end":{"line":57,"column":15}},"57":{"start":{"line":58,"column":0},"end":{"line":58,"column":10}},"58":{"start":{"line":59,"column":0},"end":{"line":59,"column":5}},"59":{"start":{"line":60,"column":0},"end":{"line":60,"column":1}}},"s":{"0":1,"1":1,"2":1,"3":1,"4":1,"5":1,"6":1,"7":1,"8":1,"9":1,"10":1,"11":1,"12":1,"13":4,"14":4,"15":4,"16":1,"17":1,"18":1,"19":1,"20":1,"21":4,"22":4,"23":4,"24":4,"25":4,"26":1,"27":1,"28":3,"29":3,"30":2,"31":3,"32":1,"33":1,"34":1,"35":1,"36":1,"37":1,"38":1,"39":3,"40":2,"41":1,"42":1,"43":1,"44":1,"45":1,"46":3,"47":1,"48":1,"49":1,"50":1,"51":1,"52":1,"53":1,"54":1,"55":1,"56":1,"57":1,"58":1,"59":1},"branchMap":{"0":{"type":"branch","line":23,"loc":{"start":{"line":23,"column":29},"end":{"line":23,"column":41}},"locations":[{"start":{"line":23,"column":29},"end":{"line":23,"column":41}}]},"1":{"type":"branch","line":24,"loc":{"start":{"line":24,"column":28},"end":{"line":24,"column":39}},"locations":[{"start":{"line":24,"column":28},"end":{"line":24,"column":39}}]},"2":{"type":"branch","line":25,"loc":{"start":{"line":25,"column":31},"end":{"line":25,"column":45}},"locations":[{"start":{"line":25,"column":31},"end":{"line":25,"column":45}}]},"3":{"type":"branch","line":13,"loc":{"start":{"line":13,"column":4},"end":{"line":16,"column":5}},"locations":[{"start":{"line":13,"column":4},"end":{"line":16,"column":5}}]},"4":{"type":"branch","line":28,"loc":{"start":{"line":28,"column":4},"end":{"line":47,"column":5}},"locations":[{"start":{"line":28,"column":4},"end":{"line":47,"column":5}}]},"5":{"type":"branch","line":30,"loc":{"start":{"line":30,"column":56},"end":{"line":32,"column":68}},"locations":[{"start":{"line":30,"column":56},"end":{"line":32,"column":68}}]},"6":{"type":"branch","line":32,"loc":{"start":{"line":32,"column":68},"end":{"line":40,"column":10}},"locations":[{"start":{"line":32,"column":68},"end":{"line":40,"column":10}}]},"7":{"type":"branch","line":40,"loc":{"start":{"line":40,"column":10},"end":{"line":46,"column":9}},"locations":[{"start":{"line":40,"column":10},"end":{"line":46,"column":9}}]},"8":{"type":"branch","line":41,"loc":{"start":{"line":41,"column":44},"end":{"line":46,"column":9}},"locations":[{"start":{"line":41,"column":44},"end":{"line":46,"column":9}}]},"9":{"type":"branch","line":49,"loc":{"start":{"line":49,"column":4},"end":{"line":59,"column":5}},"locations":[{"start":{"line":49,"column":4},"end":{"line":59,"column":5}}]},"10":{"type":"branch","line":21,"loc":{"start":{"line":21,"column":4},"end":{"line":26,"column":9}},"locations":[{"start":{"line":21,"column":4},"end":{"line":26,"column":9}}]},"11":{"type":"branch","line":22,"loc":{"start":{"line":22,"column":27},"end":{"line":22,"column":46}},"locations":[{"start":{"line":22,"column":27},"end":{"line":22,"column":46}}]}},"b":{"0":[0],"1":[0],"2":[0],"3":[4],"4":[3],"5":[2],"6":[1],"7":[2],"8":[1],"9":[1],"10":[4],"11":[4]},"fnMap":{"0":{"name":"AuthException","decl":{"start":{"line":13,"column":4},"end":{"line":16,"column":5}},"loc":{"start":{"line":13,"column":4},"end":{"line":16,"column":5}},"line":13},"1":{"name":"signIn","decl":{"start":{"line":28,"column":4},"end":{"line":47,"column":5}},"loc":{"start":{"line":28,"column":4},"end":{"line":47,"column":5}},"line":28},"2":{"name":"signUp","decl":{"start":{"line":49,"column":4},"end":{"line":59,"column":5}},"loc":{"start":{"line":49,"column":4},"end":{"line":59,"column":5}},"line":49},"3":{"name":"AuthService","decl":{"start":{"line":21,"column":4},"end":{"line":26,"column":9}},"loc":{"start":{"line":21,"column":4},"end":{"line":26,"column":9}},"line":21}},"f":{"0":4,"1":3,"2":1,"3":4}}
,"/home/runner/work/mindhub-back/mindhub-back/src/auth/dto/login.dto.ts": {"path":"/home/runner/work/mindhub-back/mindhub-back/src/auth/dto/login.dto.ts","all":false,"statementMap":{"0":{"start":{"line":1,"column":0},"end":{"line":1,"column":46}},"1":{"start":{"line":2,"column":0},"end":{"line":2,"column":0}},"2":{"start":{"line":3,"column":0},"end":{"line":3,"column":23}},"3":{"start":{"line":4,"column":0},"end":{"line":4,"column":18}},"4":{"start":{"line":5,"column":0},"end":{"line":5,"column":25}},"5":{"start":{"line":6,"column":0},"end":{"line":6,"column":0}},"6":{"start":{"line":7,"column":0},"end":{"line":7,"column":18}},"7":{"start":{"line":8,"column":0},"end":{"line":8,"column":25}},"8":{"start":{"line":9,"column":0},"end":{"line":9,"column":1}}},"s":{"0":1,"1":1,"2":1,"3":1,"4":1,"5":1,"6":1,"7":1,"8":1},"branchMap":{},"b":{},"fnMap":{},"f":{}}
,"/home/runner/work/mindhub-back/mindhub-back/src/expertise/expertise.controller.ts": {"path":"/home/runner/work/mindhub-back/mindhub-back/src/expertise/expertise.controller.ts","all":false,"statementMap":{"0":{"start":{"line":1,"column":0},"end":{"line":1,"column":83}},"1":{"start":{"line":2,"column":0},"end":{"line":2,"column":75}},"2":{"start":{"line":3,"column":0},"end":{"line":3,"column":0}},"3":{"start":{"line":4,"column":0},"end":{"line":4,"column":24}},"4":{"start":{"line":5,"column":0},"end":{"line":5,"column":34}},"5":{"start":{"line":6,"column":0},"end":{"line":6,"column":16}},"6":{"start":{"line":7,"column":0},"end":{"line":7,"column":59}},"7":{"start":{"line":8,"column":0},"end":{"line":8,"column":9}},"8":{"start":{"line":9,"column":0},"end":{"line":9,"column":0}},"9":{"start":{"line":10,"column":0},"end":{"line":10,"column":10}},"10":{"start":{"line":11,"column":0},"end":{"line":11,"column":21}},"11":{"start":{"line":12,"column":0},"end":{"line":12,"column":53}},"12":{"start":{"line":13,"column":0},"end":{"line":13,"column":5}},"13":{"start":{"line":14,"column":0},"end":{"line":14,"column":0}},"14":{"start":{"line":15,"column":0},"end":{"line":15,"column":18}},"15":{"start":{"line":16,"column":0},"end":{"line":16,"column":50}},"16":{"start":{"line":17,"column":0},"end":{"line":17,"column":13}},"17":{"start":{"line":18,"column":0},"end":{"line":18,"column":62}},"18":{"start":{"line":19,"column":0},"end":{"line":19,"column":21}},"19":{"start":{"line":20,"column":0},"end":{"line":20,"column":50}},"20":{"start":{"line":21,"column":0},"end":{"line":21,"column":70}},"21":{"start":{"line":22,"column":0},"end":{"line":22,"column":13}},"22":{"start":{"line":23,"column":0},"end":{"line":23,"column":0}},"23":{"start":{"line":24,"column":0},"end":{"line":24,"column":20}},"24":{"start":{"line":25,"column":0},"end":{"line":25,"column":9}},"25":{"start":{"line":26,"column":0},"end":{"line":26,"column":5}},"26":{"start":{"line":27,"column":0},"end":{"line":27,"column":1}}},"s":{"0":1,"1":1,"2":1,"3":1,"4":1,"5":1,"6":4,"7":4,"8":1,"9":1,"10":1,"11":1,"12":1,"13":1,"14":1,"15":3,"16":3,"17":3,"18":3,"19":2,"20":1,"21":1,"22":1,"23":1,"24":1,"25":3,"26":1},"branchMap":{"0":{"type":"branch","line":7,"loc":{"start":{"line":7,"column":43},"end":{"line":7,"column":59}},"locations":[{"start":{"line":7,"column":43},"end":{"line":7,"column":59}}]},"1":{"type":"branch","line":10,"loc":{"start":{"line":10,"column":4},"end":{"line":13,"column":5}},"locations":[{"start":{"line":10,"column":4},"end":{"line":13,"column":5}}]},"2":{"type":"branch","line":15,"loc":{"start":{"line":15,"column":4},"end":{"line":26,"column":5}},"locations":[{"start":{"line":15,"column":4},"end":{"line":26,"column":5}}]},"3":{"type":"branch","line":19,"loc":{"start":{"line":19,"column":10},"end":{"line":25,"column":9}},"locations":[{"start":{"line":19,"column":10},"end":{"line":25,"column":9}}]},"4":{"type":"branch","line":20,"loc":{"start":{"line":20,"column":49},"end":{"line":25,"column":9}},"locations":[{"start":{"line":20,"column":49},"end":{"line":25,"column":9}}]},"5":{"type":"branch","line":6,"loc":{"start":{"line":6,"column":4},"end":{"line":8,"column":9}},"locations":[{"start":{"line":6,"column":4},"end":{"line":8,"column":9}}]}},"b":{"0":[0],"1":[1],"2":[3],"3":[2],"4":[1],"5":[4]},"fnMap":{"0":{"name":"findAll","decl":{"start":{"line":10,"column":4},"end":{"line":13,"column":5}},"loc":{"start":{"line":10,"column":4},"end":{"line":13,"column":5}},"line":10},"1":{"name":"findOne","decl":{"start":{"line":15,"column":4},"end":{"line":26,"column":5}},"loc":{"start":{"line":15,"column":4},"end":{"line":26,"column":5}},"line":15},"2":{"name":"ExpertiseController","decl":{"start":{"line":6,"column":4},"end":{"line":8,"column":9}},"loc":{"start":{"line":6,"column":4},"end":{"line":8,"column":9}},"line":6}},"f":{"0":1,"1":3,"2":4}}
,"/home/runner/work/mindhub-back/mindhub-back/src/expertise/expertise.service.ts": {"path":"/home/runner/work/mindhub-back/mindhub-back/src/expertise/expertise.service.ts","all":false,"statementMap":{"0":{"start":{"line":1,"column":0},"end":{"line":1,"column":44}},"1":{"start":{"line":2,"column":0},"end":{"line":2,"column":37}},"2":{"start":{"line":3,"column":0},"end":{"line":3,"column":56}},"3":{"start":{"line":4,"column":0},"end":{"line":4,"column":51}},"4":{"start":{"line":5,"column":0},"end":{"line":5,"column":0}},"5":{"start":{"line":6,"column":0},"end":{"line":6,"column":29}},"6":{"start":{"line":7,"column":0},"end":{"line":7,"column":31}},"7":{"start":{"line":8,"column":0},"end":{"line":8,"column":0}},"8":{"start":{"line":9,"column":0},"end":{"line":9,"column":47}},"9":{"start":{"line":10,"column":0},"end":{"line":10,"column":25}},"10":{"start":{"line":11,"column":0},"end":{"line":11,"column":0}},"11":{"start":{"line":12,"column":0},"end":{"line":12,"column":39}},"12":{"start":{"line":13,"column":0},"end":{"line":13,"column":16}},"13":{"start":{"line":14,"column":0},"end":{"line":14,"column":25}},"14":{"start":{"line":15,"column":0},"end":{"line":15,"column":5}},"15":{"start":{"line":16,"column":0},"end":{"line":16,"column":1}},"16":{"start":{"line":17,"column":0},"end":{"line":17,"column":0}},"17":{"start":{"line":18,"column":0},"end":{"line":18,"column":13}},"18":{"start":{"line":19,"column":0},"end":{"line":19,"column":31}},"19":{"start":{"line":20,"column":0},"end":{"line":20,"column":16}},"20":{"start":{"line":21,"column":0},"end":{"line":21,"column":36}},"21":{"start":{"line":22,"column":0},"end":{"line":22,"column":59}},"22":{"start":{"line":23,"column":0},"end":{"line":23,"column":9}},"23":{"start":{"line":24,"column":0},"end":{"line":24,"column":0}},"24":{"start":{"line":25,"column":0},"end":{"line":25,"column":21}},"25":{"start":{"line":26,"column":0},"end":{"line":26,"column":47}},"26":{"start":{"line":27,"column":0},"end":{"line":27,"column":5}},"27":{"start":{"line":28,"column":0},"end":{"line":28,"column":0}},"28":{"start":{"line":29,"column":0},"end":{"line":29,"column":34}},"29":{"start":{"line":30,"column":0},"end":{"line":30,"column":78}},"30":{"start":{"line":31,"column":0},"end":{"line":31,"column":0}},"31":{"start":{"line":32,"column":0},"end":{"line":32,"column":24}},"32":{"start":{"line":33,"column":0},"end":{"line":33,"column":29}},"33":{"start":{"line":34,"column":0},"end":{"line":34,"column":9}},"34":{"start":{"line":35,"column":0},"end":{"line":35,"column":0}},"35":{"start":{"line":36,"column":0},"end":{"line":36,"column":63}},"36":{"start":{"line":37,"column":0},"end":{"line":37,"column":5}},"37":{"start":{"line":38,"column":0},"end":{"line":38,"column":1}}},"s":{"0":1,"1":1,"2":1,"3":1,"4":1,"5":1,"6":1,"7":1,"8":1,"9":1,"10":1,"11":1,"12":3,"13":3,"14":3,"15":1,"16":1,"17":1,"18":1,"19":1,"20":3,"21":3,"22":3,"23":1,"24":1,"25":1,"26":1,"27":1,"28":1,"29":2,"30":2,"31":2,"32":1,"33":1,"34":1,"35":1,"36":1,"37":1},"branchMap":{"0":{"type":"branch","line":22,"loc":{"start":{"line":22,"column":37},"end":{"line":22,"column":59}},"locations":[{"start":{"line":22,"column":37},"end":{"line":22,"column":59}}]},"1":{"type":"branch","line":12,"loc":{"start":{"line":12,"column":4},"end":{"line":15,"column":5}},"locations":[{"start":{"line":12,"column":4},"end":{"line":15,"column":5}}]},"2":{"type":"branch","line":25,"loc":{"start":{"line":25,"column":4},"end":{"line":27,"column":5}},"locations":[{"start":{"line":25,"column":4},"end":{"line":27,"column":5}}]},"3":{"type":"branch","line":29,"loc":{"start":{"line":29,"column":4},"end":{"line":37,"column":5}},"locations":[{"start":{"line":29,"column":4},"end":{"line":37,"column":5}}]},"4":{"type":"branch","line":32,"loc":{"start":{"line":32,"column":23},"end":{"line":37,"column":5}},"locations":[{"start":{"line":32,"column":23},"end":{"line":37,"column":5}}]},"5":{"type":"branch","line":20,"loc":{"start":{"line":20,"column":4},"end":{"line":23,"column":9}},"locations":[{"start":{"line":20,"column":4},"end":{"line":23,"column":9}}]}},"b":{"0":[0],"1":[3],"2":[1],"3":[2],"4":[1],"5":[3]},"fnMap":{"0":{"name":"ExpertiseException","decl":{"start":{"line":12,"column":4},"end":{"line":15,"column":5}},"loc":{"start":{"line":12,"column":4},"end":{"line":15,"column":5}},"line":12},"1":{"name":"findAll","decl":{"start":{"line":25,"column":4},"end":{"line":27,"column":5}},"loc":{"start":{"line":25,"column":4},"end":{"line":27,"column":5}},"line":25},"2":{"name":"findOne","decl":{"start":{"line":29,"column":4},"end":{"line":37,"column":5}},"loc":{"start":{"line":29,"column":4},"end":{"line":37,"column":5}},"line":29},"3":{"name":"ExpertiseService","decl":{"start":{"line":20,"column":4},"end":{"line":23,"column":9}},"loc":{"start":{"line":20,"column":4},"end":{"line":23,"column":9}},"line":20}},"f":{"0":3,"1":1,"2":2,"3":3}}
,"/home/runner/work/mindhub-back/mindhub-back/src/expertise/entities/expertise.entity.ts": {"path":"/home/runner/work/mindhub-back/mindhub-back/src/expertise/entities/expertise.entity.ts","all":false,"statementMap":{"0":{"start":{"line":1,"column":0},"end":{"line":1,"column":53}},"1":{"start":{"line":2,"column":0},"end":{"line":2,"column":60}},"2":{"start":{"line":3,"column":0},"end":{"line":3,"column":0}},"3":{"start":{"line":4,"column":0},"end":{"line":4,"column":9}},"4":{"start":{"line":5,"column":0},"end":{"line":5,"column":24}},"5":{"start":{"line":6,"column":0},"end":{"line":6,"column":53}},"6":{"start":{"line":7,"column":0},"end":{"line":7,"column":22}},"7":{"start":{"line":8,"column":0},"end":{"line":8,"column":4}},"8":{"start":{"line":9,"column":0},"end":{"line":9,"column":50}},"9":{"start":{"line":10,"column":0},"end":{"line":10,"column":22}},"10":{"start":{"line":11,"column":0},"end":{"line":11,"column":1}}},"s":{"0":1,"1":1,"2":1,"3":1,"4":1,"5":1,"6":1,"7":1,"8":1,"9":1,"10":1},"branchMap":{},"b":{},"fnMap":{},"f":{}}
,"/home/runner/work/mindhub-back/mindhub-back/src/user/user.controller.ts": {"path":"/home/runner/work/mindhub-back/mindhub-back/src/user/user.controller.ts","all":false,"statementMap":{"0":{"start":{"line":1,"column":0},"end":{"line":1,"column":155}},"1":{"start":{"line":2,"column":0},"end":{"line":2,"column":60}},"2":{"start":{"line":3,"column":0},"end":{"line":3,"column":54}},"3":{"start":{"line":4,"column":0},"end":{"line":4,"column":54}},"4":{"start":{"line":5,"column":0},"end":{"line":5,"column":57}},"5":{"start":{"line":6,"column":0},"end":{"line":6,"column":69}},"6":{"start":{"line":7,"column":0},"end":{"line":7,"column":0}},"7":{"start":{"line":8,"column":0},"end":{"line":8,"column":16}},"8":{"start":{"line":9,"column":0},"end":{"line":9,"column":16}},"9":{"start":{"line":10,"column":0},"end":{"line":10,"column":19}},"10":{"start":{"line":11,"column":0},"end":{"line":11,"column":29}},"11":{"start":{"line":12,"column":0},"end":{"line":12,"column":62}},"12":{"start":{"line":13,"column":0},"end":{"line":13,"column":0}},"13":{"start":{"line":14,"column":0},"end":{"line":14,"column":11}},"14":{"start":{"line":15,"column":0},"end":{"line":15,"column":56}},"15":{"start":{"line":16,"column":0},"end":{"line":16,"column":13}},"16":{"start":{"line":17,"column":0},"end":{"line":17,"column":20}},"17":{"start":{"line":18,"column":0},"end":{"line":18,"column":67}},"18":{"start":{"line":19,"column":0},"end":{"line":19,"column":14}},"19":{"start":{"line":20,"column":0},"end":{"line":20,"column":21}},"20":{"start":{"line":21,"column":0},"end":{"line":21,"column":45}},"21":{"start":{"line":22,"column":0},"end":{"line":22,"column":69}},"22":{"start":{"line":23,"column":0},"end":{"line":23,"column":57}},"23":{"start":{"line":24,"column":0},"end":{"line":24,"column":70}},"24":{"start":{"line":25,"column":0},"end":{"line":25,"column":13}},"25":{"start":{"line":26,"column":0},"end":{"line":26,"column":0}},"26":{"start":{"line":27,"column":0},"end":{"line":27,"column":20}},"27":{"start":{"line":28,"column":0},"end":{"line":28,"column":9}},"28":{"start":{"line":29,"column":0},"end":{"line":29,"column":5}},"29":{"start":{"line":30,"column":0},"end":{"line":30,"column":0}},"30":{"start":{"line":31,"column":0},"end":{"line":31,"column":48}},"31":{"start":{"line":32,"column":0},"end":{"line":32,"column":10}},"32":{"start":{"line":33,"column":0},"end":{"line":33,"column":21}},"33":{"start":{"line":34,"column":0},"end":{"line":34,"column":48}},"34":{"start":{"line":35,"column":0},"end":{"line":35,"column":5}},"35":{"start":{"line":36,"column":0},"end":{"line":36,"column":0}},"36":{"start":{"line":37,"column":0},"end":{"line":37,"column":48}},"37":{"start":{"line":38,"column":0},"end":{"line":38,"column":21}},"38":{"start":{"line":39,"column":0},"end":{"line":39,"column":56}},"39":{"start":{"line":40,"column":0},"end":{"line":40,"column":13}},"40":{"start":{"line":41,"column":0},"end":{"line":41,"column":60}},"41":{"start":{"line":42,"column":0},"end":{"line":42,"column":21}},"42":{"start":{"line":43,"column":0},"end":{"line":43,"column":79}},"43":{"start":{"line":44,"column":0},"end":{"line":44,"column":70}},"44":{"start":{"line":45,"column":0},"end":{"line":45,"column":13}},"45":{"start":{"line":46,"column":0},"end":{"line":46,"column":0}},"46":{"start":{"line":47,"column":0},"end":{"line":47,"column":20}},"47":{"start":{"line":48,"column":0},"end":{"line":48,"column":9}},"48":{"start":{"line":49,"column":0},"end":{"line":49,"column":5}},"49":{"start":{"line":50,"column":0},"end":{"line":50,"column":0}},"50":{"start":{"line":51,"column":0},"end":{"line":51,"column":23}},"51":{"start":{"line":52,"column":0},"end":{"line":52,"column":17}},"52":{"start":{"line":53,"column":0},"end":{"line":53,"column":44}},"53":{"start":{"line":54,"column":0},"end":{"line":54,"column":45}},"54":{"start":{"line":55,"column":0},"end":{"line":55,"column":7}},"55":{"start":{"line":56,"column":0},"end":{"line":56,"column":63}},"56":{"start":{"line":57,"column":0},"end":{"line":57,"column":5}},"57":{"start":{"line":58,"column":0},"end":{"line":58,"column":0}},"58":{"start":{"line":59,"column":0},"end":{"line":59,"column":24}},"59":{"start":{"line":60,"column":0},"end":{"line":60,"column":55}},"60":{"start":{"line":61,"column":0},"end":{"line":61,"column":48}},"61":{"start":{"line":62,"column":0},"end":{"line":62,"column":5}},"62":{"start":{"line":63,"column":0},"end":{"line":63,"column":1}}},"s":{"0":1,"1":1,"2":1,"3":1,"4":1,"5":1,"6":1,"7":1,"8":1,"9":1,"10":1,"11":1,"12":1,"13":1,"14":4,"15":4,"16":4,"17":4,"18":1,"19":4,"20":3,"21":1,"22":3,"23":1,"24":1,"25":1,"26":1,"27":1,"28":4,"29":1,"30":1,"31":1,"32":1,"33":1,"34":1,"35":1,"36":1,"37":3,"38":3,"39":3,"40":3,"41":3,"42":2,"43":1,"44":1,"45":1,"46":1,"47":1,"48":3,"49":1,"50":1,"51":1,"52":1,"53":1,"54":1,"55":1,"56":1,"57":1,"58":1,"59":1,"60":1,"61":1,"62":1},"branchMap":{"0":{"type":"branch","line":15,"loc":{"start":{"line":15,"column":40},"end":{"line":15,"column":53}},"locations":[{"start":{"line":15,"column":40},"end":{"line":15,"column":53}}]},"1":{"type":"branch","line":54,"loc":{"start":{"line":54,"column":31},"end":{"line":54,"column":44}},"locations":[{"start":{"line":54,"column":31},"end":{"line":54,"column":44}}]},"2":{"type":"branch","line":12,"loc":{"start":{"line":12,"column":46},"end":{"line":12,"column":59}},"locations":[{"start":{"line":12,"column":46},"end":{"line":12,"column":59}}]},"3":{"type":"branch","line":14,"loc":{"start":{"line":14,"column":4},"end":{"line":29,"column":5}},"locations":[{"start":{"line":14,"column":4},"end":{"line":29,"column":5}}]},"4":{"type":"branch","line":18,"loc":{"start":{"line":18,"column":53},"end":{"line":20,"column":10}},"locations":[{"start":{"line":18,"column":53},"end":{"line":20,"column":10}}]},"5":{"type":"branch","line":20,"loc":{"start":{"line":20,"column":10},"end":{"line":28,"column":9}},"locations":[{"start":{"line":20,"column":10},"end":{"line":28,"column":9}}]},"6":{"type":"branch","line":21,"loc":{"start":{"line":21,"column":44},"end":{"line":23,"column":19}},"locations":[{"start":{"line":21,"column":44},"end":{"line":23,"column":19}}]},"7":{"type":"branch","line":23,"loc":{"start":{"line":23,"column":12},"end":{"line":25,"column":13}},"locations":[{"start":{"line":23,"column":12},"end":{"line":25,"column":13}}]},"8":{"type":"branch","line":23,"loc":{"start":{"line":23,"column":56},"end":{"line":25,"column":13}},"locations":[{"start":{"line":23,"column":56},"end":{"line":25,"column":13}}]},"9":{"type":"branch","line":25,"loc":{"start":{"line":25,"column":12},"end":{"line":28,"column":9}},"locations":[{"start":{"line":25,"column":12},"end":{"line":28,"column":9}}]},"10":{"type":"branch","line":31,"loc":{"start":{"line":31,"column":4},"end":{"line":35,"column":5}},"locations":[{"start":{"line":31,"column":4},"end":{"line":35,"column":5}}]},"11":{"type":"branch","line":37,"loc":{"start":{"line":37,"column":4},"end":{"line":49,"column":5}},"locations":[{"start":{"line":37,"column":4},"end":{"line":49,"column":5}}]},"12":{"type":"branch","line":42,"loc":{"start":{"line":42,"column":10},"end":{"line":48,"column":9}},"locations":[{"start":{"line":42,"column":10},"end":{"line":48,"column":9}}]},"13":{"type":"branch","line":43,"loc":{"start":{"line":43,"column":29},"end":{"line":43,"column":78}},"locations":[{"start":{"line":43,"column":29},"end":{"line":43,"column":78}}]},"14":{"type":"branch","line":43,"loc":{"start":{"line":43,"column":78},"end":{"line":48,"column":9}},"locations":[{"start":{"line":43,"column":78},"end":{"line":48,"column":9}}]},"15":{"type":"branch","line":51,"loc":{"start":{"line":51,"column":4},"end":{"line":57,"column":5}},"locations":[{"start":{"line":51,"column":4},"end":{"line":57,"column":5}}]},"16":{"type":"branch","line":59,"loc":{"start":{"line":59,"column":4},"end":{"line":62,"column":5}},"locations":[{"start":{"line":59,"column":4},"end":{"line":62,"column":5}}]},"17":{"type":"branch","line":12,"loc":{"start":{"line":12,"column":4},"end":{"line":12,"column":62}},"locations":[{"start":{"line":12,"column":4},"end":{"line":12,"column":62}}]}},"b":{"0":[0],"1":[0],"2":[0],"3":[4],"4":[1],"5":[3],"6":[1],"7":[2],"8":[1],"9":[1],"10":[1],"11":[3],"12":[2],"13":[1],"14":[1],"15":[1],"16":[1],"17":[10]},"fnMap":{"0":{"name":"create","decl":{"start":{"line":14,"column":4},"end":{"line":29,"column":5}},"loc":{"start":{"line":14,"column":4},"end":{"line":29,"column":5}},"line":14},"1":{"name":"findAll","decl":{"start":{"line":31,"column":4},"end":{"line":35,"column":5}},"loc":{"start":{"line":31,"column":4},"end":{"line":35,"column":5}},"line":31},"2":{"name":"findOne","decl":{"start":{"line":37,"column":4},"end":{"line":49,"column":5}},"loc":{"start":{"line":37,"column":4},"end":{"line":49,"column":5}},"line":37},"3":{"name":"update","decl":{"start":{"line":51,"column":4},"end":{"line":57,"column":5}},"loc":{"start":{"line":51,"column":4},"end":{"line":57,"column":5}},"line":51},"4":{"name":"remove","decl":{"start":{"line":59,"column":4},"end":{"line":62,"column":5}},"loc":{"start":{"line":59,"column":4},"end":{"line":62,"column":5}},"line":59},"5":{"name":"UserController","decl":{"start":{"line":12,"column":4},"end":{"line":12,"column":62}},"loc":{"start":{"line":12,"column":4},"end":{"line":12,"column":62}},"line":12}},"f":{"0":4,"1":1,"2":3,"3":1,"4":1,"5":10}}
,"/home/runner/work/mindhub-back/mindhub-back/src/user/user.service.ts": {"path":"/home/runner/work/mindhub-back/mindhub-back/src/user/user.service.ts","all":false,"statementMap":{"0":{"start":{"line":1,"column":0},"end":{"line":1,"column":64}},"1":{"start":{"line":2,"column":0},"end":{"line":2,"column":54}},"2":{"start":{"line":3,"column":0},"end":{"line":3,"column":54}},"3":{"start":{"line":4,"column":0},"end":{"line":4,"column":51}},"4":{"start":{"line":5,"column":0},"end":{"line":5,"column":46}},"5":{"start":{"line":6,"column":0},"end":{"line":6,"column":37}},"6":{"start":{"line":7,"column":0},"end":{"line":7,"column":52}},"7":{"start":{"line":8,"column":0},"end":{"line":8,"column":68}},"8":{"start":{"line":9,"column":0},"end":{"line":9,"column":69}},"9":{"start":{"line":10,"column":0},"end":{"line":10,"column":0}},"10":{"start":{"line":11,"column":0},"end":{"line":11,"column":16}},"11":{"start":{"line":12,"column":0},"end":{"line":12,"column":23}},"12":{"start":{"line":13,"column":0},"end":{"line":13,"column":26}},"13":{"start":{"line":14,"column":0},"end":{"line":14,"column":25}},"14":{"start":{"line":15,"column":0},"end":{"line":15,"column":40}},"15":{"start":{"line":16,"column":0},"end":{"line":16,"column":41}},"16":{"start":{"line":17,"column":0},"end":{"line":17,"column":0}},"17":{"start":{"line":18,"column":0},"end":{"line":18,"column":42}},"18":{"start":{"line":19,"column":0},"end":{"line":19,"column":20}},"19":{"start":{"line":20,"column":0},"end":{"line":20,"column":0}},"20":{"start":{"line":21,"column":0},"end":{"line":21,"column":34}},"21":{"start":{"line":22,"column":0},"end":{"line":22,"column":16}},"22":{"start":{"line":23,"column":0},"end":{"line":23,"column":25}},"23":{"start":{"line":24,"column":0},"end":{"line":24,"column":5}},"24":{"start":{"line":25,"column":0},"end":{"line":25,"column":1}},"25":{"start":{"line":26,"column":0},"end":{"line":26,"column":0}},"26":{"start":{"line":27,"column":0},"end":{"line":27,"column":13}},"27":{"start":{"line":28,"column":0},"end":{"line":28,"column":26}},"28":{"start":{"line":29,"column":0},"end":{"line":29,"column":16}},"29":{"start":{"line":30,"column":0},"end":{"line":30,"column":31}},"30":{"start":{"line":31,"column":0},"end":{"line":31,"column":49}},"31":{"start":{"line":32,"column":0},"end":{"line":32,"column":46}},"32":{"start":{"line":33,"column":0},"end":{"line":33,"column":41}},"33":{"start":{"line":34,"column":0},"end":{"line":34,"column":9}},"34":{"start":{"line":35,"column":0},"end":{"line":35,"column":0}},"35":{"start":{"line":36,"column":0},"end":{"line":36,"column":76}},"36":{"start":{"line":37,"column":0},"end":{"line":37,"column":68}},"37":{"start":{"line":38,"column":0},"end":{"line":38,"column":55}},"38":{"start":{"line":39,"column":0},"end":{"line":39,"column":81}},"39":{"start":{"line":40,"column":0},"end":{"line":40,"column":58}},"40":{"start":{"line":41,"column":0},"end":{"line":41,"column":43}},"41":{"start":{"line":42,"column":0},"end":{"line":42,"column":72}},"42":{"start":{"line":43,"column":0},"end":{"line":43,"column":44}},"43":{"start":{"line":44,"column":0},"end":{"line":44,"column":72}},"44":{"start":{"line":45,"column":0},"end":{"line":45,"column":9}},"45":{"start":{"line":46,"column":0},"end":{"line":46,"column":0}},"46":{"start":{"line":47,"column":0},"end":{"line":47,"column":80}},"47":{"start":{"line":48,"column":0},"end":{"line":48,"column":0}},"48":{"start":{"line":49,"column":0},"end":{"line":49,"column":13}},"49":{"start":{"line":50,"column":0},"end":{"line":50,"column":44}},"50":{"start":{"line":51,"column":0},"end":{"line":51,"column":25}},"51":{"start":{"line":52,"column":0},"end":{"line":52,"column":22}},"52":{"start":{"line":53,"column":0},"end":{"line":53,"column":35}},"53":{"start":{"line":54,"column":0},"end":{"line":54,"column":49}},"54":{"start":{"line":55,"column":0},"end":{"line":55,"column":54}},"55":{"start":{"line":56,"column":0},"end":{"line":56,"column":40}},"56":{"start":{"line":57,"column":0},"end":{"line":57,"column":37}},"57":{"start":{"line":58,"column":0},"end":{"line":58,"column":19}},"58":{"start":{"line":59,"column":0},"end":{"line":59,"column":15}},"59":{"start":{"line":60,"column":0},"end":{"line":60,"column":21}},"60":{"start":{"line":61,"column":0},"end":{"line":61,"column":67}},"61":{"start":{"line":62,"column":0},"end":{"line":62,"column":9}},"62":{"start":{"line":63,"column":0},"end":{"line":63,"column":0}},"63":{"start":{"line":64,"column":0},"end":{"line":64,"column":19}},"64":{"start":{"line":65,"column":0},"end":{"line":65,"column":5}},"65":{"start":{"line":66,"column":0},"end":{"line":66,"column":0}},"66":{"start":{"line":67,"column":0},"end":{"line":67,"column":21}},"67":{"start":{"line":68,"column":0},"end":{"line":68,"column":42}},"68":{"start":{"line":69,"column":0},"end":{"line":69,"column":5}},"69":{"start":{"line":70,"column":0},"end":{"line":70,"column":0}},"70":{"start":{"line":71,"column":0},"end":{"line":71,"column":37}},"71":{"start":{"line":72,"column":0},"end":{"line":72,"column":71}},"72":{"start":{"line":73,"column":0},"end":{"line":73,"column":19}},"73":{"start":{"line":74,"column":0},"end":{"line":74,"column":24}},"74":{"start":{"line":75,"column":0},"end":{"line":75,"column":16}},"75":{"start":{"line":76,"column":0},"end":{"line":76,"column":57}},"76":{"start":{"line":77,"column":0},"end":{"line":77,"column":9}},"77":{"start":{"line":78,"column":0},"end":{"line":78,"column":5}},"78":{"start":{"line":79,"column":0},"end":{"line":79,"column":0}},"79":{"start":{"line":80,"column":0},"end":{"line":80,"column":66}},"80":{"start":{"line":81,"column":0},"end":{"line":81,"column":27}},"81":{"start":{"line":82,"column":0},"end":{"line":82,"column":29}},"82":{"start":{"line":83,"column":0},"end":{"line":83,"column":60}},"83":{"start":{"line":84,"column":0},"end":{"line":84,"column":50}},"84":{"start":{"line":85,"column":0},"end":{"line":85,"column":36}},"85":{"start":{"line":86,"column":0},"end":{"line":86,"column":33}},"86":{"start":{"line":87,"column":0},"end":{"line":87,"column":15}},"87":{"start":{"line":88,"column":0},"end":{"line":88,"column":10}},"88":{"start":{"line":89,"column":0},"end":{"line":89,"column":0}},"89":{"start":{"line":90,"column":0},"end":{"line":90,"column":86}},"90":{"start":{"line":91,"column":0},"end":{"line":91,"column":5}},"91":{"start":{"line":92,"column":0},"end":{"line":92,"column":0}},"92":{"start":{"line":93,"column":0},"end":{"line":93,"column":36}},"93":{"start":{"line":94,"column":0},"end":{"line":94,"column":75}},"94":{"start":{"line":95,"column":0},"end":{"line":95,"column":5}},"95":{"start":{"line":96,"column":0},"end":{"line":96,"column":1}}},"s":{"0":1,"1":1,"2":1,"3":1,"4":1,"5":1,"6":1,"7":1,"8":1,"9":1,"10":1,"11":1,"12":1,"13":1,"14":1,"15":1,"16":1,"17":1,"18":1,"19":1,"20":1,"21":12,"22":12,"23":12,"24":1,"25":1,"26":1,"27":1,"28":1,"29":13,"30":13,"31":13,"32":13,"33":13,"34":1,"35":1,"36":6,"37":1,"38":6,"39":1,"40":5,"41":1,"42":4,"43":1,"44":1,"45":2,"46":2,"47":2,"48":2,"49":2,"50":2,"51":2,"52":2,"53":2,"54":2,"55":2,"56":2,"57":2,"58":2,"59":1,"60":1,"61":1,"62":1,"63":1,"64":1,"65":1,"66":1,"67":1,"68":1,"69":1,"70":1,"71":2,"72":2,"73":1,"74":1,"75":1,"76":1,"77":2,"78":1,"79":1,"80":2,"81":2,"82":2,"83":0,"84":0,"85":0,"86":0,"87":2,"88":2,"89":2,"90":2,"91":1,"92":1,"93":2,"94":2,"95":1},"branchMap":{"0":{"type":"branch","line":31,"loc":{"start":{"line":31,"column":32},"end":{"line":31,"column":49}},"locations":[{"start":{"line":31,"column":32},"end":{"line":31,"column":49}}]},"1":{"type":"branch","line":33,"loc":{"start":{"line":33,"column":29},"end":{"line":33,"column":41}},"locations":[{"start":{"line":33,"column":29},"end":{"line":33,"column":41}}]},"2":{"type":"branch","line":21,"loc":{"start":{"line":21,"column":4},"end":{"line":24,"column":5}},"locations":[{"start":{"line":21,"column":4},"end":{"line":24,"column":5}}]},"3":{"type":"branch","line":36,"loc":{"start":{"line":36,"column":4},"end":{"line":65,"column":5}},"locations":[{"start":{"line":36,"column":4},"end":{"line":65,"column":5}}]},"4":{"type":"branch","line":37,"loc":{"start":{"line":37,"column":67},"end":{"line":39,"column":15}},"locations":[{"start":{"line":37,"column":67},"end":{"line":39,"column":15}}]},"5":{"type":"branch","line":39,"loc":{"start":{"line":39,"column":8},"end":{"line":45,"column":9}},"locations":[{"start":{"line":39,"column":8},"end":{"line":45,"column":9}}]},"6":{"type":"branch","line":39,"loc":{"start":{"line":39,"column":80},"end":{"line":41,"column":15}},"locations":[{"start":{"line":39,"column":80},"end":{"line":41,"column":15}}]},"7":{"type":"branch","line":41,"loc":{"start":{"line":41,"column":8},"end":{"line":45,"column":9}},"locations":[{"start":{"line":41,"column":8},"end":{"line":45,"column":9}}]},"8":{"type":"branch","line":41,"loc":{"start":{"line":41,"column":42},"end":{"line":43,"column":15}},"locations":[{"start":{"line":41,"column":42},"end":{"line":43,"column":15}}]},"9":{"type":"branch","line":43,"loc":{"start":{"line":43,"column":8},"end":{"line":45,"column":9}},"locations":[{"start":{"line":43,"column":8},"end":{"line":45,"column":9}}]},"10":{"type":"branch","line":43,"loc":{"start":{"line":43,"column":43},"end":{"line":45,"column":9}},"locations":[{"start":{"line":43,"column":43},"end":{"line":45,"column":9}}]},"11":{"type":"branch","line":45,"loc":{"start":{"line":45,"column":8},"end":{"line":59,"column":15}},"locations":[{"start":{"line":45,"column":8},"end":{"line":59,"column":15}}]},"12":{"type":"branch","line":59,"loc":{"start":{"line":59,"column":12},"end":{"line":65,"column":5}},"locations":[{"start":{"line":59,"column":12},"end":{"line":65,"column":5}}]},"13":{"type":"branch","line":54,"loc":{"start":{"line":54,"column":43},"end":{"line":58,"column":19}},"locations":[{"start":{"line":54,"column":43},"end":{"line":58,"column":19}}]},"14":{"type":"branch","line":67,"loc":{"start":{"line":67,"column":4},"end":{"line":69,"column":5}},"locations":[{"start":{"line":67,"column":4},"end":{"line":69,"column":5}}]},"15":{"type":"branch","line":71,"loc":{"start":{"line":71,"column":4},"end":{"line":78,"column":5}},"locations":[{"start":{"line":71,"column":4},"end":{"line":78,"column":5}}]},"16":{"type":"branch","line":73,"loc":{"start":{"line":73,"column":18},"end":{"line":77,"column":9}},"locations":[{"start":{"line":73,"column":18},"end":{"line":77,"column":9}}]},"17":{"type":"branch","line":80,"loc":{"start":{"line":80,"column":4},"end":{"line":91,"column":5}},"locations":[{"start":{"line":80,"column":4},"end":{"line":91,"column":5}}]},"18":{"type":"branch","line":83,"loc":{"start":{"line":83,"column":48},"end":{"line":83,"column":54}},"locations":[{"start":{"line":83,"column":48},"end":{"line":83,"column":54}}]},"19":{"type":"branch","line":93,"loc":{"start":{"line":93,"column":4},"end":{"line":95,"column":5}},"locations":[{"start":{"line":93,"column":4},"end":{"line":95,"column":5}}]},"20":{"type":"branch","line":29,"loc":{"start":{"line":29,"column":4},"end":{"line":34,"column":9}},"locations":[{"start":{"line":29,"column":4},"end":{"line":34,"column":9}}]},"21":{"type":"branch","line":32,"loc":{"start":{"line":32,"column":27},"end":{"line":32,"column":46}},"locations":[{"start":{"line":32,"column":27},"end":{"line":32,"column":46}}]}},"b":{"0":[0],"1":[0],"2":[12],"3":[6],"4":[1],"5":[5],"6":[1],"7":[4],"8":[1],"9":[3],"10":[1],"11":[2],"12":[1],"13":[2],"14":[1],"15":[2],"16":[1],"17":[2],"18":[0],"19":[2],"20":[13],"21":[13]},"fnMap":{"0":{"name":"UserException","decl":{"start":{"line":21,"column":4},"end":{"line":24,"column":5}},"loc":{"start":{"line":21,"column":4},"end":{"line":24,"column":5}},"line":21},"1":{"name":"create","decl":{"start":{"line":36,"column":4},"end":{"line":65,"column":5}},"loc":{"start":{"line":36,"column":4},"end":{"line":65,"column":5}},"line":36},"2":{"name":"findAll","decl":{"start":{"line":67,"column":4},"end":{"line":69,"column":5}},"loc":{"start":{"line":67,"column":4},"end":{"line":69,"column":5}},"line":67},"3":{"name":"findOne","decl":{"start":{"line":71,"column":4},"end":{"line":78,"column":5}},"loc":{"start":{"line":71,"column":4},"end":{"line":78,"column":5}},"line":71},"4":{"name":"update","decl":{"start":{"line":80,"column":4},"end":{"line":91,"column":5}},"loc":{"start":{"line":80,"column":4},"end":{"line":91,"column":5}},"line":80},"5":{"name":"remove","decl":{"start":{"line":93,"column":4},"end":{"line":95,"column":5}},"loc":{"start":{"line":93,"column":4},"end":{"line":95,"column":5}},"line":93},"6":{"name":"UserService","decl":{"start":{"line":29,"column":4},"end":{"line":34,"column":9}},"loc":{"start":{"line":29,"column":4},"end":{"line":34,"column":9}},"line":29}},"f":{"0":12,"1":6,"2":1,"3":2,"4":2,"5":2,"6":13}}
,"/home/runner/work/mindhub-back/mindhub-back/src/user/dto/create-user.dto.ts": {"path":"/home/runner/work/mindhub-back/mindhub-back/src/user/dto/create-user.dto.ts","all":false,"statementMap":{"0":{"start":{"line":1,"column":0},"end":{"line":1,"column":46}},"1":{"start":{"line":2,"column":0},"end":{"line":2,"column":0}},"2":{"start":{"line":3,"column":0},"end":{"line":3,"column":28}},"3":{"start":{"line":4,"column":0},"end":{"line":4,"column":18}},"4":{"start":{"line":5,"column":0},"end":{"line":5,"column":22}},"5":{"start":{"line":6,"column":0},"end":{"line":6,"column":0}},"6":{"start":{"line":7,"column":0},"end":{"line":7,"column":18}},"7":{"start":{"line":8,"column":0},"end":{"line":8,"column":25}},"8":{"start":{"line":9,"column":0},"end":{"line":9,"column":0}},"9":{"start":{"line":10,"column":0},"end":{"line":10,"column":18}},"10":{"start":{"line":11,"column":0},"end":{"line":11,"column":25}},"11":{"start":{"line":12,"column":0},"end":{"line":12,"column":4}},"12":{"start":{"line":13,"column":0},"end":{"line":13,"column":18}},"13":{"start":{"line":14,"column":0},"end":{"line":14,"column":23}},"14":{"start":{"line":15,"column":0},"end":{"line":15,"column":6}},"15":{"start":{"line":16,"column":0},"end":{"line":16,"column":29}},"16":{"start":{"line":17,"column":0},"end":{"line":17,"column":1}}},"s":{"0":1,"1":1,"2":1,"3":1,"4":1,"5":1,"6":1,"7":1,"8":1,"9":1,"10":1,"11":1,"12":1,"13":1,"14":1,"15":1,"16":1},"branchMap":{},"b":{},"fnMap":{},"f":{}}
,"/home/runner/work/mindhub-back/mindhub-back/src/user/dto/update-user.dto.ts": {"path":"/home/runner/work/mindhub-back/mindhub-back/src/user/dto/update-user.dto.ts","all":false,"statementMap":{"0":{"start":{"line":1,"column":0},"end":{"line":1,"column":46}},"1":{"start":{"line":2,"column":0},"end":{"line":2,"column":50}},"2":{"start":{"line":3,"column":0},"end":{"line":3,"column":0}},"3":{"start":{"line":4,"column":0},"end":{"line":4,"column":64}}},"s":{"0":1,"1":1,"2":1,"3":1},"branchMap":{},"b":{},"fnMap":{},"f":{}}
,"/home/runner/work/mindhub-back/mindhub-back/src/user/entities/user.entity.ts": {"path":"/home/runner/work/mindhub-back/mindhub-back/src/user/entities/user.entity.ts","all":false,"statementMap":{"0":{"start":{"line":1,"column":0},"end":{"line":1,"column":79}},"1":{"start":{"line":2,"column":0},"end":{"line":2,"column":44}},"2":{"start":{"line":3,"column":0},"end":{"line":3,"column":68}},"3":{"start":{"line":4,"column":0},"end":{"line":4,"column":0}},"4":{"start":{"line":5,"column":0},"end":{"line":5,"column":9}},"5":{"start":{"line":6,"column":0},"end":{"line":6,"column":19}},"6":{"start":{"line":7,"column":0},"end":{"line":7,"column":20}},"7":{"start":{"line":8,"column":0},"end":{"line":8,"column":25}},"8":{"start":{"line":9,"column":0},"end":{"line":9,"column":0}},"9":{"start":{"line":10,"column":0},"end":{"line":10,"column":29}},"10":{"start":{"line":11,"column":0},"end":{"line":11,"column":22}},"11":{"start":{"line":12,"column":0},"end":{"line":12,"column":0}},"12":{"start":{"line":13,"column":0},"end":{"line":13,"column":14}},"13":{"start":{"line":14,"column":0},"end":{"line":14,"column":32}},"14":{"start":{"line":15,"column":0},"end":{"line":15,"column":29}},"15":{"start":{"line":16,"column":0},"end":{"line":16,"column":0}},"16":{"start":{"line":17,"column":0},"end":{"line":17,"column":44}},"17":{"start":{"line":18,"column":0},"end":{"line":18,"column":19}},"18":{"start":{"line":19,"column":0},"end":{"line":19,"column":0}},"19":{"start":{"line":20,"column":0},"end":{"line":20,"column":44}},"20":{"start":{"line":21,"column":0},"end":{"line":21,"column":29}},"21":{"start":{"line":22,"column":0},"end":{"line":22,"column":4}},"22":{"start":{"line":23,"column":0},"end":{"line":23,"column":62}},"23":{"start":{"line":24,"column":0},"end":{"line":24,"column":16}},"24":{"start":{"line":25,"column":0},"end":{"line":25,"column":32}},"25":{"start":{"line":26,"column":0},"end":{"line":26,"column":1}}},"s":{"0":1,"1":1,"2":1,"3":1,"4":1,"5":1,"6":1,"7":1,"8":1,"9":1,"10":1,"11":1,"12":1,"13":1,"14":1,"15":1,"16":1,"17":1,"18":1,"19":1,"20":1,"21":1,"22":1,"23":1,"24":1,"25":1},"branchMap":{},"b":{},"fnMap":{},"f":{}}
}
